<?xml version="1.0" encoding="UTF-8"?>
<robot generator="Robot 7.1.1 (Python 3.13.0 on win32)" generated="2024-12-31T12:19:16.157006" rpa="false" schemaversion="5">
<suite id="s1" name="UnboxRobotics Assigment" source="D:\BharatAutomation\UnboxRobotics_Assigment">
<suite id="s1-s1" name="TestCase" source="D:\BharatAutomation\UnboxRobotics_Assigment\TestCase">
<suite id="s1-s1-s1" name="TC" source="D:\BharatAutomation\UnboxRobotics_Assigment\TestCase\TC.robot">
<kw name="open my browser" owner="userDefindKeyword" type="SETUP">
<kw name="Open Browser" owner="SeleniumLibrary">
<msg time="2024-12-31T12:19:17.047680" level="INFO">Opening browser 'chrome' to base url 'https://www.flipkart.com/'.</msg>
<arg>${baseUrl}</arg>
<arg>${browser}</arg>
<doc>Opens a new browser instance to the optional ``url``.</doc>
<status status="PASS" start="2024-12-31T12:19:17.046385" elapsed="5.530295"/>
</kw>
<kw name="Maximize Browser Window" owner="SeleniumLibrary">
<doc>Maximizes current browser window.</doc>
<status status="PASS" start="2024-12-31T12:19:22.577524" elapsed="0.212440"/>
</kw>
<status status="PASS" start="2024-12-31T12:19:17.042934" elapsed="5.747701"/>
</kw>
<test id="s1-s1-s1-t1" name="TC_002:To Verify user can Click on global search module and Search with the keyword." line="22">
<kw name="Click Element" owner="SeleniumLibrary">
<msg time="2024-12-31T12:19:22.794844" level="INFO">Clicking element 'xpath=//input[@title="Search for Products, Brands and More"]'.</msg>
<arg>${searchBox}</arg>
<doc>Click the element identified by ``locator``.</doc>
<status status="PASS" start="2024-12-31T12:19:22.793609" elapsed="0.309192"/>
</kw>
<kw name="Input Text" owner="SeleniumLibrary">
<msg time="2024-12-31T12:19:23.107994" level="INFO">Typing text 'mobile' into text field 'xpath=//input[@title="Search for Products, Brands and More"]'.</msg>
<arg>${searchBox}</arg>
<arg>mobile</arg>
<doc>Types the given ``text`` into the text field identified by ``locator``.</doc>
<status status="PASS" start="2024-12-31T12:19:23.106794" elapsed="0.431770"/>
</kw>
<kw name="Click Element" owner="SeleniumLibrary">
<msg time="2024-12-31T12:19:23.540188" level="INFO">Clicking element 'xpath=//button[@type="submit"]'.</msg>
<arg>${searchSubmitBtn}</arg>
<doc>Click the element identified by ``locator``.</doc>
<status status="PASS" start="2024-12-31T12:19:23.539418" elapsed="4.415375"/>
</kw>
<kw name="Wait Until Element Is Visible" owner="SeleniumLibrary">
<arg>${searchResultcontains}</arg>
<doc>Waits until the element ``locator`` is visible.</doc>
<status status="PASS" start="2024-12-31T12:19:27.956783" elapsed="0.134625"/>
</kw>
<kw name="Get Text" owner="SeleniumLibrary">
<msg time="2024-12-31T12:19:28.215342" level="INFO">${serchResultTxt} = Showing 1 – 24 of 10,353 results for "mobile"</msg>
<var>${serchResultTxt}</var>
<arg>${searchResultcontains}</arg>
<doc>Returns the text value of the element identified by ``locator``.</doc>
<status status="PASS" start="2024-12-31T12:19:28.093569" elapsed="0.122768"/>
</kw>
<kw name="Log To Console" owner="BuiltIn">
<arg>:-------Search result Text message is:${serchResultTxt}</arg>
<doc>Logs the given message to the console.</doc>
<status status="PASS" start="2024-12-31T12:19:28.218607" elapsed="0.002627"/>
</kw>
<kw name="Log To Console" owner="BuiltIn">
<arg>:-------verify message: "Showing 1 - 24 of 9,664 results for "mobile"</arg>
<doc>Logs the given message to the console.</doc>
<status status="PASS" start="2024-12-31T12:19:28.223116" elapsed="0.002802"/>
</kw>
<kw name="Element Should Be Visible" owner="SeleniumLibrary">
<msg time="2024-12-31T12:19:28.318528" level="INFO">Element 'xpath=//span[@class="BUOuZu"]' is displayed.</msg>
<arg>${searchResultcontains}</arg>
<doc>Verifies that the element identified by ``locator`` is visible.</doc>
<status status="PASS" start="2024-12-31T12:19:28.227686" elapsed="0.091995"/>
</kw>
<doc>Click on global search module and Search with the keyword "mobile".</doc>
<status status="PASS" start="2024-12-31T12:19:22.790955" elapsed="5.530363"/>
</test>
<test id="s1-s1-s1-t2" name="TC_003: To Verify For 10th and 11th phone in search click on compare checkbox." line="35">
<kw name="Scroll Element Into View" owner="SeleniumLibrary">
<arg>${checkBoxResults_11}</arg>
<doc>Scrolls the element identified by ``locator`` into view.</doc>
<status status="PASS" start="2024-12-31T12:19:28.332737" elapsed="0.389914"/>
</kw>
<kw name="Log To Console" owner="BuiltIn">
<arg>:------------Selecting checkboxes for 10th and 11th iteam.</arg>
<doc>Logs the given message to the console.</doc>
<status status="PASS" start="2024-12-31T12:19:28.724441" elapsed="0.003536"/>
</kw>
<kw name="Click Element" owner="SeleniumLibrary">
<msg time="2024-12-31T12:19:28.731365" level="INFO">Clicking element 'xpath=(//span[@class="Lni97G"])[10]'.</msg>
<arg>${checkBoxResults_10}</arg>
<doc>Click the element identified by ``locator``.</doc>
<status status="PASS" start="2024-12-31T12:19:28.729520" elapsed="0.319423"/>
</kw>
<kw name="Click Element" owner="SeleniumLibrary">
<msg time="2024-12-31T12:19:29.053256" level="INFO">Clicking element 'xpath=(//span[@class="Lni97G"])[11]'.</msg>
<arg>${checkBoxResults_11}</arg>
<doc>Click the element identified by ``locator``.</doc>
<status status="PASS" start="2024-12-31T12:19:29.051188" elapsed="0.290292"/>
</kw>
<doc>For 10th and 11th phone in search click on compare checkbox.</doc>
<status status="PASS" start="2024-12-31T12:19:28.328079" elapsed="1.015052"/>
</test>
<test id="s1-s1-s1-t3" name="TC_004: To verify item is added to compare tray." line="43">
<kw name="Click Element" owner="SeleniumLibrary">
<msg time="2024-12-31T12:19:29.354388" level="INFO">Clicking element 'xpath=//a[@class="RCafFg -3yGLs"]'.</msg>
<arg>${compareStick}</arg>
<doc>Click the element identified by ``locator``.</doc>
<status status="PASS" start="2024-12-31T12:19:29.352345" elapsed="0.295164"/>
</kw>
<kw name="Wait Until Element Is Visible" owner="SeleniumLibrary">
<arg>${compareListElement1}</arg>
<arg>${DefaultWait}</arg>
<doc>Waits until the element ``locator`` is visible.</doc>
<status status="PASS" start="2024-12-31T12:19:29.649208" elapsed="0.128947"/>
</kw>
<kw name="Element Should Be Visible" owner="SeleniumLibrary">
<msg time="2024-12-31T12:19:29.853610" level="INFO">Element 'id=container' is displayed.</msg>
<arg>${compareListElement1}</arg>
<arg>${DefaultWait}</arg>
<doc>Verifies that the element identified by ``locator`` is visible.</doc>
<status status="PASS" start="2024-12-31T12:19:29.779806" elapsed="0.074664"/>
</kw>
<kw name="Wait Until Element Is Visible" owner="SeleniumLibrary">
<arg>${productPrize}</arg>
<arg>${DefaultWait}</arg>
<doc>Waits until the element ``locator`` is visible.</doc>
<status status="PASS" start="2024-12-31T12:19:29.855550" elapsed="0.329725"/>
</kw>
<kw name="Get Text" owner="SeleniumLibrary">
<msg time="2024-12-31T12:19:30.277856" level="INFO">${prize} = ₹63,999</msg>
<var>${prize}</var>
<arg>${productPrize}</arg>
<doc>Returns the text value of the element identified by ``locator``.</doc>
<status status="PASS" start="2024-12-31T12:19:30.186854" elapsed="0.092642"/>
</kw>
<kw name="Log To Console" owner="BuiltIn">
<arg>:----------Prize of selected element on Compare screen is:-${prize}</arg>
<doc>Logs the given message to the console.</doc>
<status status="PASS" start="2024-12-31T12:19:30.282080" elapsed="0.004326"/>
</kw>
<kw name="Scroll Element Into View" owner="SeleniumLibrary">
<arg>${addToCart}</arg>
<doc>Scrolls the element identified by ``locator`` into view.</doc>
<status status="PASS" start="2024-12-31T12:19:30.287965" elapsed="0.367390"/>
</kw>
<kw name="Wait Until Element Is Visible" owner="SeleniumLibrary">
<arg>${addToCart}</arg>
<arg>${DefaultWait}</arg>
<doc>Waits until the element ``locator`` is visible.</doc>
<status status="PASS" start="2024-12-31T12:19:30.656852" elapsed="0.058854"/>
</kw>
<kw name="Click Element" owner="SeleniumLibrary">
<msg time="2024-12-31T12:19:30.718153" level="INFO">Clicking element 'xpath=//button[@class="QqFHMw vslbG+ In9uk2 _4ltxGf"]'.</msg>
<arg>${addToCart}</arg>
<doc>Click the element identified by ``locator``.</doc>
<status status="PASS" start="2024-12-31T12:19:30.716842" elapsed="0.310056"/>
</kw>
<kw name="Wait Until Element Is Visible" owner="SeleniumLibrary">
<arg>${FinalProductPrizeele}</arg>
<arg>${DefaultWait}</arg>
<doc>Waits until the element ``locator`` is visible.</doc>
<status status="PASS" start="2024-12-31T12:19:31.029066" elapsed="0.796864"/>
</kw>
<kw name="Get Text" owner="SeleniumLibrary">
<msg time="2024-12-31T12:19:31.894373" level="INFO">${CartItemPrize} = ₹63,999</msg>
<var>${CartItemPrize}</var>
<arg>${FinalProductPrizeele}</arg>
<doc>Returns the text value of the element identified by ``locator``.</doc>
<status status="PASS" start="2024-12-31T12:19:31.827718" elapsed="0.068103"/>
</kw>
<kw name="Log To Console" owner="BuiltIn">
<arg>:-------------Selected iteam prize on cart screen:${CartItemPrize}</arg>
<doc>Logs the given message to the console.</doc>
<status status="PASS" start="2024-12-31T12:19:31.898098" elapsed="0.010416"/>
</kw>
<kw name="Log To Console" owner="BuiltIn">
<arg>:---------------veifying Both prize</arg>
<doc>Logs the given message to the console.</doc>
<status status="PASS" start="2024-12-31T12:19:31.911097" elapsed="0.002989"/>
</kw>
<kw name="Execute Javascript" owner="SeleniumLibrary">
<msg time="2024-12-31T12:19:31.919686" level="INFO">Executing JavaScript:
window.scrollTo(0,1000)
Without any arguments.</msg>
<arg>window.scrollTo(0,1000)</arg>
<doc>Executes the given JavaScript code with possible arguments.</doc>
<status status="PASS" start="2024-12-31T12:19:31.916456" elapsed="0.035689"/>
</kw>
<kw name="Wait Until Element Is Visible" owner="SeleniumLibrary">
<arg>${item+Brtn}</arg>
<arg>${DefaultWait}</arg>
<doc>Waits until the element ``locator`` is visible.</doc>
<status status="PASS" start="2024-12-31T12:19:31.954032" elapsed="0.076674"/>
</kw>
<kw name="Click Element" owner="SeleniumLibrary">
<msg time="2024-12-31T12:19:32.034457" level="INFO">Clicking element '(//button[@class="LcLcvv"])[2]'.</msg>
<arg>${item+Brtn}</arg>
<doc>Click the element identified by ``locator``.</doc>
<status status="PASS" start="2024-12-31T12:19:32.032585" elapsed="0.235430"/>
</kw>
<kw name="Wait Until Element Is Visible" owner="SeleniumLibrary">
<arg>${toastMessage}</arg>
<arg>${DefaultWait}</arg>
<doc>Waits until the element ``locator`` is visible.</doc>
<status status="PASS" start="2024-12-31T12:19:32.270000" elapsed="0.548850"/>
</kw>
<kw name="Get Text" owner="SeleniumLibrary">
<msg time="2024-12-31T12:19:32.897103" level="INFO">${toastText} = You've changed 'Apple iPhone 15 Plus (Green, 128 GB)' QUANTITY to '2'</msg>
<var>${toastText}</var>
<arg>${toastMessage}</arg>
<doc>Returns the text value of the element identified by ``locator``.</doc>
<status status="PASS" start="2024-12-31T12:19:32.821260" elapsed="0.076597"/>
</kw>
<kw name="Log To Console" owner="BuiltIn">
<arg>:----Toast message is:${toastText}</arg>
<doc>Logs the given message to the console.</doc>
<status status="PASS" start="2024-12-31T12:19:32.899880" elapsed="0.002393"/>
</kw>
<kw name="Execute Javascript" owner="SeleniumLibrary">
<msg time="2024-12-31T12:19:32.905540" level="INFO">Executing JavaScript:
window.scrollTo(0,1000)
Without any arguments.</msg>
<arg>window.scrollTo(0,1000)</arg>
<doc>Executes the given JavaScript code with possible arguments.</doc>
<status status="PASS" start="2024-12-31T12:19:32.903336" elapsed="0.023653"/>
</kw>
<doc>verify item is added to compare tray.</doc>
<status status="PASS" start="2024-12-31T12:19:29.348812" elapsed="3.579727"/>
</test>
<test id="s1-s1-s1-t4" name="TC_005: To Verify CLick on remove option." line="70">
<kw name="Wait Until Element Is Visible" owner="SeleniumLibrary">
<arg>${removeBtn}</arg>
<arg>${DefaultWait}</arg>
<doc>Waits until the element ``locator`` is visible.</doc>
<status status="PASS" start="2024-12-31T12:19:32.936435" elapsed="0.072671"/>
</kw>
<kw name="Click Element" owner="SeleniumLibrary">
<msg time="2024-12-31T12:19:33.013324" level="INFO">Clicking element 'xpath=(//div[@class="sBxzFz"])[2]'.</msg>
<arg>${removeBtn}</arg>
<doc>Click the element identified by ``locator``.</doc>
<status status="PASS" start="2024-12-31T12:19:33.011473" elapsed="0.255852"/>
</kw>
<kw name="Wait Until Element Is Visible" owner="SeleniumLibrary">
<arg>${removeBtnPopup}</arg>
<arg>${DefaultWait}</arg>
<doc>Waits until the element ``locator`` is visible.</doc>
<status status="PASS" start="2024-12-31T12:19:33.268489" elapsed="0.070594"/>
</kw>
<kw name="Click Element" owner="SeleniumLibrary">
<msg time="2024-12-31T12:19:33.341710" level="INFO">Clicking element 'xpath=//div[@class="sBxzFz fF30ZI A0MXnh"]'.</msg>
<arg>${removeBtnPopup}</arg>
<doc>Click the element identified by ``locator``.</doc>
<status status="PASS" start="2024-12-31T12:19:33.340278" elapsed="0.266984"/>
</kw>
<kw name="Wait Until Element Is Visible" owner="SeleniumLibrary">
<arg>${toastMessage}</arg>
<arg>${DefaultWait}</arg>
<doc>Waits until the element ``locator`` is visible.</doc>
<status status="PASS" start="2024-12-31T12:19:33.609347" elapsed="0.086267"/>
</kw>
<kw name="Get Text" owner="SeleniumLibrary">
<msg time="2024-12-31T12:19:33.809169" level="INFO">${toastText} = You've changed 'Apple iPhone 15 Plus (Green, 128 GB)' QUANTITY to '2'</msg>
<var>${toastText}</var>
<arg>${toastMessage}</arg>
<doc>Returns the text value of the element identified by ``locator``.</doc>
<status status="PASS" start="2024-12-31T12:19:33.697322" elapsed="0.112379"/>
</kw>
<kw name="Log To Console" owner="BuiltIn">
<arg>:----Toast message is:${toastText}</arg>
<doc>Logs the given message to the console.</doc>
<status status="PASS" start="2024-12-31T12:19:33.810364" elapsed="0.001575"/>
</kw>
<doc>CLick on remove option.</doc>
<status status="PASS" start="2024-12-31T12:19:32.932224" elapsed="0.880797"/>
</test>
<test id="s1-s1-s1-t5" name="TC_006: verify message on empty cart screen." line="83">
<kw name="Wait Until Element Is Visible" owner="SeleniumLibrary">
<arg>${missingCartItemLocation}</arg>
<arg>${DefaultWait}</arg>
<doc>Waits until the element ``locator`` is visible.</doc>
<status status="PASS" start="2024-12-31T12:19:33.817247" elapsed="0.037145"/>
</kw>
<kw name="Get Text" owner="SeleniumLibrary">
<msg time="2024-12-31T12:19:33.888818" level="INFO">${emtyCartText1} = Missing Cart items?</msg>
<var>${emtyCartText1}</var>
<arg>${missingCartItemLocation}</arg>
<doc>Returns the text value of the element identified by ``locator``.</doc>
<status status="PASS" start="2024-12-31T12:19:33.855581" elapsed="0.033810"/>
</kw>
<kw name="Set Variable" owner="BuiltIn">
<msg time="2024-12-31T12:19:33.891296" level="INFO">${cartText1} = Missing Cart items?</msg>
<var>${cartText1}</var>
<arg>${emtyCartText1}</arg>
<doc>Returns the given values which can then be assigned to a variables.</doc>
<status status="PASS" start="2024-12-31T12:19:33.890326" elapsed="0.001600"/>
</kw>
<kw name="Log To Console" owner="BuiltIn">
<arg>:----------Verifying messages on empty cart screen.</arg>
<doc>Logs the given message to the console.</doc>
<status status="PASS" start="2024-12-31T12:19:33.893173" elapsed="0.001416"/>
</kw>
<kw name="Element Text Should Be" owner="SeleniumLibrary">
<msg time="2024-12-31T12:19:33.896337" level="INFO">Verifying element 'xpath=//div[@class="s2gOFd"]' contains exact text 'Missing Cart items?'.</msg>
<arg>${missingCartItemLocation}</arg>
<arg>${missingCartItemTxt}</arg>
<doc>Verifies that element ``locator`` contains exact the text ``expected``.</doc>
<status status="PASS" start="2024-12-31T12:19:33.895367" elapsed="0.034650"/>
</kw>
<kw name="Element Text Should Be" owner="SeleniumLibrary">
<msg time="2024-12-31T12:19:33.933094" level="INFO">Verifying element 'xpath=//div[@class="orqM3-"]' contains exact text 'Login to see the items you added previously'.</msg>
<arg>${loginToSee_location}</arg>
<arg>${lOginTOSee_Txt}</arg>
<doc>Verifies that element ``locator`` contains exact the text ``expected``.</doc>
<status status="PASS" start="2024-12-31T12:19:33.931389" elapsed="0.080152"/>
</kw>
<doc>verify message on empty cart screen</doc>
<status status="PASS" start="2024-12-31T12:19:33.815454" elapsed="0.198556"/>
</test>
<kw name="Close All Browsers" owner="SeleniumLibrary" type="TEARDOWN">
<doc>Closes all open browsers and resets the browser cache.</doc>
<status status="PASS" start="2024-12-31T12:19:34.020491" elapsed="6.542387"/>
</kw>
<status status="PASS" start="2024-12-31T12:19:16.248829" elapsed="24.314493"/>
</suite>
<status status="PASS" start="2024-12-31T12:19:16.237156" elapsed="24.331580"/>
</suite>
<status status="PASS" start="2024-12-31T12:19:16.174050" elapsed="24.399950"/>
</suite>
<statistics>
<total>
<stat pass="5" fail="0" skip="0">All Tests</stat>
</total>
<tag>
</tag>
<suite>
<stat pass="5" fail="0" skip="0" id="s1" name="UnboxRobotics Assigment">UnboxRobotics Assigment</stat>
<stat pass="5" fail="0" skip="0" id="s1-s1" name="TestCase">UnboxRobotics Assigment.TestCase</stat>
<stat pass="5" fail="0" skip="0" id="s1-s1-s1" name="TC">UnboxRobotics Assigment.TestCase.TC</stat>
</suite>
</statistics>
<errors>
</errors>
</robot>
